<?xml version="1.0" encoding="UTF-8"?>
<testsuite name="IngredientTest" tests="1" skipped="0" failures="0" errors="0" timestamp="2022-10-21T11:26:45" hostname="penguin" time="0.066">
  <properties/>
  <testcase name="test the copost has a nitrogen value()" classname="IngredientTest" time="0.066"/>
  <system-out><![CDATA[]]></system-out>
  <system-err><![CDATA[]]></system-err>
</testsuite>
